
> trackytimer@0.1.0 build
> next build

  ▲ Next.js 14.2.35
  - Environments: .env.local

   Creating an optimized production build ...
 ✓ Compiled successfully
   Linting and checking validity of types ...
   Collecting page data ...
   Generating static pages (0/8) ...
   Generating static pages (2/8)
   Generating static pages (4/8)
   Generating static pages (6/8)
 ✓ Generating static pages (8/8)
   Finalizing page optimization ...
   Collecting build traces ...

Route (app)                              Size     First Load JS
┌ ƒ /                                    18.4 kB         106 kB
├ ○ /_not-found                          873 B          88.2 kB
├ ƒ /api/payment/create                  0 B                0 B
├ ƒ /api/session/current                 0 B                0 B
├ ƒ /api/session/heartbeat               0 B                0 B
├ ƒ /api/session/violation               0 B                0 B
├ ƒ /api/system/boot                     0 B                0 B
├ ƒ /api/user/identity                   0 B                0 B
└ ƒ /api/violation/record                0 B                0 B
+ First Load JS shared by all            87.3 kB
  ├ chunks/117-bf4c4d98d88a26ce.js       31.7 kB
  ├ chunks/fd9d1056-10dfaec9b4318f4c.js  53.6 kB
  └ other shared chunks (total)          1.96 kB


ƒ Middleware                             26.9 kB

○  (Static)   prerendered as static content
ƒ  (Dynamic)  server-rendered on demand
